2018-05-20 18:05:32 - Context initialization failed
org.springframework.beans.factory.BeanCreationException: Error creating bean with name 'org.springframework.web.servlet.mvc.annotation.DefaultAnnotationHandlerMapping#0' defined in ServletContext resource [/WEB-INF/spring-context.xml]: Cannot resolve reference to bean 'localeChangeInterceptor' while setting bean property 'interceptors' with key [0]; nested exception is org.springframework.beans.factory.NoSuchBeanDefinitionException: No bean named 'localeChangeInterceptor' available
	at org.springframework.beans.factory.support.BeanDefinitionValueResolver.resolveReference(BeanDefinitionValueResolver.java:359) ~[spring-beans-4.3.17.RELEASE.jar:4.3.17.RELEASE]
	at org.springframework.beans.factory.support.BeanDefinitionValueResolver.resolveValueIfNecessary(BeanDefinitionValueResolver.java:108) ~[spring-beans-4.3.17.RELEASE.jar:4.3.17.RELEASE]
	at org.springframework.beans.factory.support.BeanDefinitionValueResolver.resolveManagedList(BeanDefinitionValueResolver.java:382) ~[spring-beans-4.3.17.RELEASE.jar:4.3.17.RELEASE]
	at org.springframework.beans.factory.support.BeanDefinitionValueResolver.resolveValueIfNecessary(BeanDefinitionValueResolver.java:157) ~[spring-beans-4.3.17.RELEASE.jar:4.3.17.RELEASE]
	at org.springframework.beans.factory.support.AbstractAutowireCapableBeanFactory.applyPropertyValues(AbstractAutowireCapableBeanFactory.java:1537) ~[spring-beans-4.3.17.RELEASE.jar:4.3.17.RELEASE]
	at org.springframework.beans.factory.support.AbstractAutowireCapableBeanFactory.populateBean(AbstractAutowireCapableBeanFactory.java:1284) ~[spring-beans-4.3.17.RELEASE.jar:4.3.17.RELEASE]
	at org.springframework.beans.factory.support.AbstractAutowireCapableBeanFactory.doCreateBean(AbstractAutowireCapableBeanFactory.java:553) ~[spring-beans-4.3.17.RELEASE.jar:4.3.17.RELEASE]
	at org.springframework.beans.factory.support.AbstractAutowireCapableBeanFactory.createBean(AbstractAutowireCapableBeanFactory.java:483) ~[spring-beans-4.3.17.RELEASE.jar:4.3.17.RELEASE]
	at org.springframework.beans.factory.support.AbstractBeanFactory$1.getObject(AbstractBeanFactory.java:312) ~[spring-beans-4.3.17.RELEASE.jar:4.3.17.RELEASE]
	at org.springframework.beans.factory.support.DefaultSingletonBeanRegistry.getSingleton(DefaultSingletonBeanRegistry.java:230) ~[spring-beans-4.3.17.RELEASE.jar:4.3.17.RELEASE]
	at org.springframework.beans.factory.support.AbstractBeanFactory.doGetBean(AbstractBeanFactory.java:308) ~[spring-beans-4.3.17.RELEASE.jar:4.3.17.RELEASE]
	at org.springframework.beans.factory.support.AbstractBeanFactory.getBean(AbstractBeanFactory.java:197) ~[spring-beans-4.3.17.RELEASE.jar:4.3.17.RELEASE]
	at org.springframework.beans.factory.support.DefaultListableBeanFactory.preInstantiateSingletons(DefaultListableBeanFactory.java:761) ~[spring-beans-4.3.17.RELEASE.jar:4.3.17.RELEASE]
	at org.springframework.context.support.AbstractApplicationContext.finishBeanFactoryInitialization(AbstractApplicationContext.java:867) ~[spring-context-4.3.17.RELEASE.jar:4.3.17.RELEASE]
	at org.springframework.context.support.AbstractApplicationContext.refresh(AbstractApplicationContext.java:543) ~[spring-context-4.3.17.RELEASE.jar:4.3.17.RELEASE]
	at org.springframework.web.context.ContextLoader.configureAndRefreshWebApplicationContext(ContextLoader.java:443) ~[spring-web-4.3.17.RELEASE.jar:4.3.17.RELEASE]
	at org.springframework.web.context.ContextLoader.initWebApplicationContext(ContextLoader.java:325) ~[spring-web-4.3.17.RELEASE.jar:4.3.17.RELEASE]
	at org.springframework.web.context.ContextLoaderListener.contextInitialized(ContextLoaderListener.java:107) [spring-web-4.3.17.RELEASE.jar:4.3.17.RELEASE]
	at org.eclipse.jetty.server.handler.ContextHandler.callContextInitialized(ContextHandler.java:843) [jetty-server-9.3.11.v20160721.jar:9.3.11.v20160721]
	at org.eclipse.jetty.servlet.ServletContextHandler.callContextInitialized(ServletContextHandler.java:533) [jetty-servlet-9.3.11.v20160721.jar:9.3.11.v20160721]
	at org.eclipse.jetty.server.handler.ContextHandler.startContext(ContextHandler.java:816) [jetty-server-9.3.11.v20160721.jar:9.3.11.v20160721]
	at org.eclipse.jetty.servlet.ServletContextHandler.startContext(ServletContextHandler.java:345) [jetty-servlet-9.3.11.v20160721.jar:9.3.11.v20160721]
	at org.eclipse.jetty.webapp.WebAppContext.startWebapp(WebAppContext.java:1404) [jetty-webapp-9.3.11.v20160721.jar:9.3.11.v20160721]
	at org.eclipse.jetty.maven.plugin.JettyWebAppContext.startWebapp(JettyWebAppContext.java:323) [jetty-maven-plugin-9.3.11.v20160721.jar:9.3.11.v20160721]
	at org.eclipse.jetty.webapp.WebAppContext.startContext(WebAppContext.java:1366) [jetty-webapp-9.3.11.v20160721.jar:9.3.11.v20160721]
	at org.eclipse.jetty.server.handler.ContextHandler.doStart(ContextHandler.java:778) [jetty-server-9.3.11.v20160721.jar:9.3.11.v20160721]
	at org.eclipse.jetty.servlet.ServletContextHandler.doStart(ServletContextHandler.java:262) [jetty-servlet-9.3.11.v20160721.jar:9.3.11.v20160721]
	at org.eclipse.jetty.webapp.WebAppContext.doStart(WebAppContext.java:520) [jetty-webapp-9.3.11.v20160721.jar:9.3.11.v20160721]
	at org.eclipse.jetty.maven.plugin.JettyWebAppContext.doStart(JettyWebAppContext.java:398) [jetty-maven-plugin-9.3.11.v20160721.jar:9.3.11.v20160721]
	at org.eclipse.jetty.util.component.AbstractLifeCycle.start(AbstractLifeCycle.java:68) [jetty-util-9.3.11.v20160721.jar:9.3.11.v20160721]
	at org.eclipse.jetty.util.component.ContainerLifeCycle.start(ContainerLifeCycle.java:132) [jetty-util-9.3.11.v20160721.jar:9.3.11.v20160721]
	at org.eclipse.jetty.util.component.ContainerLifeCycle.doStart(ContainerLifeCycle.java:114) [jetty-util-9.3.11.v20160721.jar:9.3.11.v20160721]
	at org.eclipse.jetty.server.handler.AbstractHandler.doStart(AbstractHandler.java:61) [jetty-server-9.3.11.v20160721.jar:9.3.11.v20160721]
	at org.eclipse.jetty.server.handler.ContextHandlerCollection.doStart(ContextHandlerCollection.java:161) [jetty-server-9.3.11.v20160721.jar:9.3.11.v20160721]
	at org.eclipse.jetty.util.component.AbstractLifeCycle.start(AbstractLifeCycle.java:68) [jetty-util-9.3.11.v20160721.jar:9.3.11.v20160721]
	at org.eclipse.jetty.util.component.ContainerLifeCycle.start(ContainerLifeCycle.java:132) [jetty-util-9.3.11.v20160721.jar:9.3.11.v20160721]
	at org.eclipse.jetty.util.component.ContainerLifeCycle.doStart(ContainerLifeCycle.java:114) [jetty-util-9.3.11.v20160721.jar:9.3.11.v20160721]
	at org.eclipse.jetty.server.handler.AbstractHandler.doStart(AbstractHandler.java:61) [jetty-server-9.3.11.v20160721.jar:9.3.11.v20160721]
	at org.eclipse.jetty.util.component.AbstractLifeCycle.start(AbstractLifeCycle.java:68) [jetty-util-9.3.11.v20160721.jar:9.3.11.v20160721]
	at org.eclipse.jetty.util.component.ContainerLifeCycle.start(ContainerLifeCycle.java:132) [jetty-util-9.3.11.v20160721.jar:9.3.11.v20160721]
	at org.eclipse.jetty.server.Server.start(Server.java:411) [jetty-server-9.3.11.v20160721.jar:9.3.11.v20160721]
	at org.eclipse.jetty.util.component.ContainerLifeCycle.doStart(ContainerLifeCycle.java:106) [jetty-util-9.3.11.v20160721.jar:9.3.11.v20160721]
	at org.eclipse.jetty.server.handler.AbstractHandler.doStart(AbstractHandler.java:61) [jetty-server-9.3.11.v20160721.jar:9.3.11.v20160721]
	at org.eclipse.jetty.server.Server.doStart(Server.java:378) [jetty-server-9.3.11.v20160721.jar:9.3.11.v20160721]
	at org.eclipse.jetty.util.component.AbstractLifeCycle.start(AbstractLifeCycle.java:68) [jetty-util-9.3.11.v20160721.jar:9.3.11.v20160721]
	at org.eclipse.jetty.maven.plugin.AbstractJettyMojo.startJetty(AbstractJettyMojo.java:460) [jetty-maven-plugin-9.3.11.v20160721.jar:9.3.11.v20160721]
	at org.eclipse.jetty.maven.plugin.AbstractJettyMojo.execute(AbstractJettyMojo.java:328) [jetty-maven-plugin-9.3.11.v20160721.jar:9.3.11.v20160721]
	at org.eclipse.jetty.maven.plugin.JettyRunMojo.execute(JettyRunMojo.java:170) [jetty-maven-plugin-9.3.11.v20160721.jar:9.3.11.v20160721]
	at org.apache.maven.plugin.DefaultBuildPluginManager.executeMojo(DefaultBuildPluginManager.java:137) [maven-core-3.5.3.jar:3.5.3]
	at org.apache.maven.lifecycle.internal.MojoExecutor.execute(MojoExecutor.java:208) [maven-core-3.5.3.jar:3.5.3]
	at org.apache.maven.lifecycle.internal.MojoExecutor.execute(MojoExecutor.java:154) [maven-core-3.5.3.jar:3.5.3]
	at org.apache.maven.lifecycle.internal.MojoExecutor.execute(MojoExecutor.java:146) [maven-core-3.5.3.jar:3.5.3]
	at org.apache.maven.lifecycle.internal.LifecycleModuleBuilder.buildProject(LifecycleModuleBuilder.java:117) [maven-core-3.5.3.jar:3.5.3]
	at org.apache.maven.lifecycle.internal.LifecycleModuleBuilder.buildProject(LifecycleModuleBuilder.java:81) [maven-core-3.5.3.jar:3.5.3]
	at org.apache.maven.lifecycle.internal.builder.singlethreaded.SingleThreadedBuilder.build(SingleThreadedBuilder.java:56) [maven-core-3.5.3.jar:3.5.3]
	at org.apache.maven.lifecycle.internal.LifecycleStarter.execute(LifecycleStarter.java:128) [maven-core-3.5.3.jar:3.5.3]
	at org.apache.maven.DefaultMaven.doExecute(DefaultMaven.java:305) [maven-core-3.5.3.jar:3.5.3]
	at org.apache.maven.DefaultMaven.doExecute(DefaultMaven.java:192) [maven-core-3.5.3.jar:3.5.3]
	at org.apache.maven.DefaultMaven.execute(DefaultMaven.java:105) [maven-core-3.5.3.jar:3.5.3]
	at org.apache.maven.cli.MavenCli.execute(MavenCli.java:956) [maven-embedder-3.5.3.jar:3.5.3]
	at org.apache.maven.cli.MavenCli.doMain(MavenCli.java:290) [maven-embedder-3.5.3.jar:3.5.3]
	at org.apache.maven.cli.MavenCli.main(MavenCli.java:194) [maven-embedder-3.5.3.jar:3.5.3]
	at java.base/jdk.internal.reflect.NativeMethodAccessorImpl.invoke0(Native Method) ~[na:na]
	at java.base/jdk.internal.reflect.NativeMethodAccessorImpl.invoke(NativeMethodAccessorImpl.java:62) ~[na:na]
	at java.base/jdk.internal.reflect.DelegatingMethodAccessorImpl.invoke(DelegatingMethodAccessorImpl.java:43) ~[na:na]
	at java.base/java.lang.reflect.Method.invoke(Method.java:564) ~[na:na]
	at org.codehaus.plexus.classworlds.launcher.Launcher.launchEnhanced(Launcher.java:289) [plexus-classworlds-2.5.2.jar:na]
	at org.codehaus.plexus.classworlds.launcher.Launcher.launch(Launcher.java:229) [plexus-classworlds-2.5.2.jar:na]
	at org.codehaus.plexus.classworlds.launcher.Launcher.mainWithExitCode(Launcher.java:415) [plexus-classworlds-2.5.2.jar:na]
	at org.codehaus.plexus.classworlds.launcher.Launcher.main(Launcher.java:356) [plexus-classworlds-2.5.2.jar:na]
Caused by: org.springframework.beans.factory.NoSuchBeanDefinitionException: No bean named 'localeChangeInterceptor' available
	at org.springframework.beans.factory.support.DefaultListableBeanFactory.getBeanDefinition(DefaultListableBeanFactory.java:687) ~[spring-beans-4.3.17.RELEASE.jar:4.3.17.RELEASE]
	at org.springframework.beans.factory.support.AbstractBeanFactory.getMergedLocalBeanDefinition(AbstractBeanFactory.java:1213) ~[spring-beans-4.3.17.RELEASE.jar:4.3.17.RELEASE]
	at org.springframework.beans.factory.support.AbstractBeanFactory.doGetBean(AbstractBeanFactory.java:284) ~[spring-beans-4.3.17.RELEASE.jar:4.3.17.RELEASE]
	at org.springframework.beans.factory.support.AbstractBeanFactory.getBean(AbstractBeanFactory.java:197) ~[spring-beans-4.3.17.RELEASE.jar:4.3.17.RELEASE]
	at org.springframework.beans.factory.support.BeanDefinitionValueResolver.resolveReference(BeanDefinitionValueResolver.java:351) ~[spring-beans-4.3.17.RELEASE.jar:4.3.17.RELEASE]
	... 69 common frames omitted
2018-05-21 16:00:01 - Context initialization failed
org.springframework.beans.factory.parsing.BeanDefinitionParsingException: Configuration problem: Failed to import bean definitions from URL location [classpath:spring-security.xml]
Offending resource: ServletContext resource [/WEB-INF/spring-context.xml]; nested exception is org.springframework.beans.factory.BeanDefinitionStoreException: IOException parsing XML document from class path resource [spring-security.xml]; nested exception is java.io.FileNotFoundException: class path resource [spring-security.xml] cannot be opened because it does not exist
	at org.springframework.beans.factory.parsing.FailFastProblemReporter.error(FailFastProblemReporter.java:70) ~[spring-beans-4.3.17.RELEASE.jar:4.3.17.RELEASE]
	at org.springframework.beans.factory.parsing.ReaderContext.error(ReaderContext.java:118) ~[spring-beans-4.3.17.RELEASE.jar:4.3.17.RELEASE]
	at org.springframework.beans.factory.parsing.ReaderContext.error(ReaderContext.java:103) ~[spring-beans-4.3.17.RELEASE.jar:4.3.17.RELEASE]
	at org.springframework.beans.factory.xml.DefaultBeanDefinitionDocumentReader.importBeanDefinitionResource(DefaultBeanDefinitionDocumentReader.java:233) ~[spring-beans-4.3.17.RELEASE.jar:4.3.17.RELEASE]
	at org.springframework.beans.factory.xml.DefaultBeanDefinitionDocumentReader.parseDefaultElement(DefaultBeanDefinitionDocumentReader.java:184) ~[spring-beans-4.3.17.RELEASE.jar:4.3.17.RELEASE]
	at org.springframework.beans.factory.xml.DefaultBeanDefinitionDocumentReader.parseBeanDefinitions(DefaultBeanDefinitionDocumentReader.java:169) ~[spring-beans-4.3.17.RELEASE.jar:4.3.17.RELEASE]
	at org.springframework.beans.factory.xml.DefaultBeanDefinitionDocumentReader.doRegisterBeanDefinitions(DefaultBeanDefinitionDocumentReader.java:142) ~[spring-beans-4.3.17.RELEASE.jar:4.3.17.RELEASE]
	at org.springframework.beans.factory.xml.DefaultBeanDefinitionDocumentReader.registerBeanDefinitions(DefaultBeanDefinitionDocumentReader.java:94) ~[spring-beans-4.3.17.RELEASE.jar:4.3.17.RELEASE]
	at org.springframework.beans.factory.xml.XmlBeanDefinitionReader.registerBeanDefinitions(XmlBeanDefinitionReader.java:508) ~[spring-beans-4.3.17.RELEASE.jar:4.3.17.RELEASE]
	at org.springframework.beans.factory.xml.XmlBeanDefinitionReader.doLoadBeanDefinitions(XmlBeanDefinitionReader.java:392) ~[spring-beans-4.3.17.RELEASE.jar:4.3.17.RELEASE]
	at org.springframework.beans.factory.xml.XmlBeanDefinitionReader.loadBeanDefinitions(XmlBeanDefinitionReader.java:336) ~[spring-beans-4.3.17.RELEASE.jar:4.3.17.RELEASE]
	at org.springframework.beans.factory.xml.XmlBeanDefinitionReader.loadBeanDefinitions(XmlBeanDefinitionReader.java:304) ~[spring-beans-4.3.17.RELEASE.jar:4.3.17.RELEASE]
	at org.springframework.beans.factory.support.AbstractBeanDefinitionReader.loadBeanDefinitions(AbstractBeanDefinitionReader.java:181) ~[spring-beans-4.3.17.RELEASE.jar:4.3.17.RELEASE]
	at org.springframework.beans.factory.support.AbstractBeanDefinitionReader.loadBeanDefinitions(AbstractBeanDefinitionReader.java:217) ~[spring-beans-4.3.17.RELEASE.jar:4.3.17.RELEASE]
	at org.springframework.beans.factory.support.AbstractBeanDefinitionReader.loadBeanDefinitions(AbstractBeanDefinitionReader.java:188) ~[spring-beans-4.3.17.RELEASE.jar:4.3.17.RELEASE]
	at org.springframework.web.context.support.XmlWebApplicationContext.loadBeanDefinitions(XmlWebApplicationContext.java:125) ~[spring-web-4.3.17.RELEASE.jar:4.3.17.RELEASE]
	at org.springframework.web.context.support.XmlWebApplicationContext.loadBeanDefinitions(XmlWebApplicationContext.java:94) ~[spring-web-4.3.17.RELEASE.jar:4.3.17.RELEASE]
	at org.springframework.context.support.AbstractRefreshableApplicationContext.refreshBeanFactory(AbstractRefreshableApplicationContext.java:129) ~[spring-context-4.3.17.RELEASE.jar:4.3.17.RELEASE]
	at org.springframework.context.support.AbstractApplicationContext.obtainFreshBeanFactory(AbstractApplicationContext.java:614) ~[spring-context-4.3.17.RELEASE.jar:4.3.17.RELEASE]
	at org.springframework.context.support.AbstractApplicationContext.refresh(AbstractApplicationContext.java:515) ~[spring-context-4.3.17.RELEASE.jar:4.3.17.RELEASE]
	at org.springframework.web.context.ContextLoader.configureAndRefreshWebApplicationContext(ContextLoader.java:443) ~[spring-web-4.3.17.RELEASE.jar:4.3.17.RELEASE]
	at org.springframework.web.context.ContextLoader.initWebApplicationContext(ContextLoader.java:325) ~[spring-web-4.3.17.RELEASE.jar:4.3.17.RELEASE]
	at org.springframework.web.context.ContextLoaderListener.contextInitialized(ContextLoaderListener.java:107) [spring-web-4.3.17.RELEASE.jar:4.3.17.RELEASE]
	at org.eclipse.jetty.server.handler.ContextHandler.callContextInitialized(ContextHandler.java:843) [jetty-server-9.3.11.v20160721.jar:9.3.11.v20160721]
	at org.eclipse.jetty.servlet.ServletContextHandler.callContextInitialized(ServletContextHandler.java:533) [jetty-servlet-9.3.11.v20160721.jar:9.3.11.v20160721]
	at org.eclipse.jetty.server.handler.ContextHandler.startContext(ContextHandler.java:816) [jetty-server-9.3.11.v20160721.jar:9.3.11.v20160721]
	at org.eclipse.jetty.servlet.ServletContextHandler.startContext(ServletContextHandler.java:345) [jetty-servlet-9.3.11.v20160721.jar:9.3.11.v20160721]
	at org.eclipse.jetty.webapp.WebAppContext.startWebapp(WebAppContext.java:1404) [jetty-webapp-9.3.11.v20160721.jar:9.3.11.v20160721]
	at org.eclipse.jetty.maven.plugin.JettyWebAppContext.startWebapp(JettyWebAppContext.java:323) [jetty-maven-plugin-9.3.11.v20160721.jar:9.3.11.v20160721]
	at org.eclipse.jetty.webapp.WebAppContext.startContext(WebAppContext.java:1366) [jetty-webapp-9.3.11.v20160721.jar:9.3.11.v20160721]
	at org.eclipse.jetty.server.handler.ContextHandler.doStart(ContextHandler.java:778) [jetty-server-9.3.11.v20160721.jar:9.3.11.v20160721]
	at org.eclipse.jetty.servlet.ServletContextHandler.doStart(ServletContextHandler.java:262) [jetty-servlet-9.3.11.v20160721.jar:9.3.11.v20160721]
	at org.eclipse.jetty.webapp.WebAppContext.doStart(WebAppContext.java:520) [jetty-webapp-9.3.11.v20160721.jar:9.3.11.v20160721]
	at org.eclipse.jetty.maven.plugin.JettyWebAppContext.doStart(JettyWebAppContext.java:398) [jetty-maven-plugin-9.3.11.v20160721.jar:9.3.11.v20160721]
	at org.eclipse.jetty.util.component.AbstractLifeCycle.start(AbstractLifeCycle.java:68) [jetty-util-9.3.11.v20160721.jar:9.3.11.v20160721]
	at org.eclipse.jetty.util.component.ContainerLifeCycle.start(ContainerLifeCycle.java:132) [jetty-util-9.3.11.v20160721.jar:9.3.11.v20160721]
	at org.eclipse.jetty.util.component.ContainerLifeCycle.doStart(ContainerLifeCycle.java:114) [jetty-util-9.3.11.v20160721.jar:9.3.11.v20160721]
	at org.eclipse.jetty.server.handler.AbstractHandler.doStart(AbstractHandler.java:61) [jetty-server-9.3.11.v20160721.jar:9.3.11.v20160721]
	at org.eclipse.jetty.server.handler.ContextHandlerCollection.doStart(ContextHandlerCollection.java:161) [jetty-server-9.3.11.v20160721.jar:9.3.11.v20160721]
	at org.eclipse.jetty.util.component.AbstractLifeCycle.start(AbstractLifeCycle.java:68) [jetty-util-9.3.11.v20160721.jar:9.3.11.v20160721]
	at org.eclipse.jetty.util.component.ContainerLifeCycle.start(ContainerLifeCycle.java:132) [jetty-util-9.3.11.v20160721.jar:9.3.11.v20160721]
	at org.eclipse.jetty.util.component.ContainerLifeCycle.doStart(ContainerLifeCycle.java:114) [jetty-util-9.3.11.v20160721.jar:9.3.11.v20160721]
	at org.eclipse.jetty.server.handler.AbstractHandler.doStart(AbstractHandler.java:61) [jetty-server-9.3.11.v20160721.jar:9.3.11.v20160721]
	at org.eclipse.jetty.util.component.AbstractLifeCycle.start(AbstractLifeCycle.java:68) [jetty-util-9.3.11.v20160721.jar:9.3.11.v20160721]
	at org.eclipse.jetty.util.component.ContainerLifeCycle.start(ContainerLifeCycle.java:132) [jetty-util-9.3.11.v20160721.jar:9.3.11.v20160721]
	at org.eclipse.jetty.server.Server.start(Server.java:411) [jetty-server-9.3.11.v20160721.jar:9.3.11.v20160721]
	at org.eclipse.jetty.util.component.ContainerLifeCycle.doStart(ContainerLifeCycle.java:106) [jetty-util-9.3.11.v20160721.jar:9.3.11.v20160721]
	at org.eclipse.jetty.server.handler.AbstractHandler.doStart(AbstractHandler.java:61) [jetty-server-9.3.11.v20160721.jar:9.3.11.v20160721]
	at org.eclipse.jetty.server.Server.doStart(Server.java:378) [jetty-server-9.3.11.v20160721.jar:9.3.11.v20160721]
	at org.eclipse.jetty.util.component.AbstractLifeCycle.start(AbstractLifeCycle.java:68) [jetty-util-9.3.11.v20160721.jar:9.3.11.v20160721]
	at org.eclipse.jetty.maven.plugin.AbstractJettyMojo.startJetty(AbstractJettyMojo.java:460) [jetty-maven-plugin-9.3.11.v20160721.jar:9.3.11.v20160721]
	at org.eclipse.jetty.maven.plugin.AbstractJettyMojo.execute(AbstractJettyMojo.java:328) [jetty-maven-plugin-9.3.11.v20160721.jar:9.3.11.v20160721]
	at org.eclipse.jetty.maven.plugin.JettyRunMojo.execute(JettyRunMojo.java:170) [jetty-maven-plugin-9.3.11.v20160721.jar:9.3.11.v20160721]
	at org.apache.maven.plugin.DefaultBuildPluginManager.executeMojo(DefaultBuildPluginManager.java:137) [maven-core-3.5.3.jar:3.5.3]
	at org.apache.maven.lifecycle.internal.MojoExecutor.execute(MojoExecutor.java:208) [maven-core-3.5.3.jar:3.5.3]
	at org.apache.maven.lifecycle.internal.MojoExecutor.execute(MojoExecutor.java:154) [maven-core-3.5.3.jar:3.5.3]
	at org.apache.maven.lifecycle.internal.MojoExecutor.execute(MojoExecutor.java:146) [maven-core-3.5.3.jar:3.5.3]
	at org.apache.maven.lifecycle.internal.LifecycleModuleBuilder.buildProject(LifecycleModuleBuilder.java:117) [maven-core-3.5.3.jar:3.5.3]
	at org.apache.maven.lifecycle.internal.LifecycleModuleBuilder.buildProject(LifecycleModuleBuilder.java:81) [maven-core-3.5.3.jar:3.5.3]
	at org.apache.maven.lifecycle.internal.builder.singlethreaded.SingleThreadedBuilder.build(SingleThreadedBuilder.java:56) [maven-core-3.5.3.jar:3.5.3]
	at org.apache.maven.lifecycle.internal.LifecycleStarter.execute(LifecycleStarter.java:128) [maven-core-3.5.3.jar:3.5.3]
	at org.apache.maven.DefaultMaven.doExecute(DefaultMaven.java:305) [maven-core-3.5.3.jar:3.5.3]
	at org.apache.maven.DefaultMaven.doExecute(DefaultMaven.java:192) [maven-core-3.5.3.jar:3.5.3]
	at org.apache.maven.DefaultMaven.execute(DefaultMaven.java:105) [maven-core-3.5.3.jar:3.5.3]
	at org.apache.maven.cli.MavenCli.execute(MavenCli.java:956) [maven-embedder-3.5.3.jar:3.5.3]
	at org.apache.maven.cli.MavenCli.doMain(MavenCli.java:290) [maven-embedder-3.5.3.jar:3.5.3]
	at org.apache.maven.cli.MavenCli.main(MavenCli.java:194) [maven-embedder-3.5.3.jar:3.5.3]
	at sun.reflect.NativeMethodAccessorImpl.invoke0(Native Method) ~[na:1.8.0_162]
	at sun.reflect.NativeMethodAccessorImpl.invoke(NativeMethodAccessorImpl.java:62) ~[na:1.8.0_162]
	at sun.reflect.DelegatingMethodAccessorImpl.invoke(DelegatingMethodAccessorImpl.java:43) ~[na:1.8.0_162]
	at java.lang.reflect.Method.invoke(Method.java:498) ~[na:1.8.0_162]
	at org.codehaus.plexus.classworlds.launcher.Launcher.launchEnhanced(Launcher.java:289) [plexus-classworlds-2.5.2.jar:na]
	at org.codehaus.plexus.classworlds.launcher.Launcher.launch(Launcher.java:229) [plexus-classworlds-2.5.2.jar:na]
	at org.codehaus.plexus.classworlds.launcher.Launcher.mainWithExitCode(Launcher.java:415) [plexus-classworlds-2.5.2.jar:na]
	at org.codehaus.plexus.classworlds.launcher.Launcher.main(Launcher.java:356) [plexus-classworlds-2.5.2.jar:na]
Caused by: org.springframework.beans.factory.BeanDefinitionStoreException: IOException parsing XML document from class path resource [spring-security.xml]; nested exception is java.io.FileNotFoundException: class path resource [spring-security.xml] cannot be opened because it does not exist
	at org.springframework.beans.factory.xml.XmlBeanDefinitionReader.loadBeanDefinitions(XmlBeanDefinitionReader.java:344) ~[spring-beans-4.3.17.RELEASE.jar:4.3.17.RELEASE]
	at org.springframework.beans.factory.xml.XmlBeanDefinitionReader.loadBeanDefinitions(XmlBeanDefinitionReader.java:304) ~[spring-beans-4.3.17.RELEASE.jar:4.3.17.RELEASE]
	at org.springframework.beans.factory.support.AbstractBeanDefinitionReader.loadBeanDefinitions(AbstractBeanDefinitionReader.java:181) ~[spring-beans-4.3.17.RELEASE.jar:4.3.17.RELEASE]
	at org.springframework.beans.factory.support.AbstractBeanDefinitionReader.loadBeanDefinitions(AbstractBeanDefinitionReader.java:217) ~[spring-beans-4.3.17.RELEASE.jar:4.3.17.RELEASE]
	at org.springframework.beans.factory.xml.DefaultBeanDefinitionDocumentReader.importBeanDefinitionResource(DefaultBeanDefinitionDocumentReader.java:227) ~[spring-beans-4.3.17.RELEASE.jar:4.3.17.RELEASE]
	... 71 common frames omitted
Caused by: java.io.FileNotFoundException: class path resource [spring-security.xml] cannot be opened because it does not exist
	at org.springframework.core.io.ClassPathResource.getInputStream(ClassPathResource.java:172) ~[spring-core-4.3.17.RELEASE.jar:4.3.17.RELEASE]
	at org.springframework.beans.factory.xml.XmlBeanDefinitionReader.loadBeanDefinitions(XmlBeanDefinitionReader.java:330) ~[spring-beans-4.3.17.RELEASE.jar:4.3.17.RELEASE]
	... 75 common frames omitted
2018-05-21 16:04:21 - Context initialization failed
org.springframework.beans.factory.parsing.BeanDefinitionParsingException: Configuration problem: Failed to import bean definitions from relative location [com.exist.ecc.app.config.SecurityConfig]
Offending resource: ServletContext resource [/WEB-INF/spring-context.xml]; nested exception is org.springframework.beans.factory.BeanDefinitionStoreException: IOException parsing XML document from URL [file:/home/mnunez/Desktop/Activity%201%20-%207%20(gitrepository)/Activity%2013%20-%20Spring%20REST/app/src/main/webapp/WEB-INF/com.exist.ecc.app.config.SecurityConfig]; nested exception is java.io.FileNotFoundException: /home/mnunez/Desktop/Activity 1 - 7 (gitrepository)/Activity 13 - Spring REST/app/src/main/webapp/WEB-INF/com.exist.ecc.app.config.SecurityConfig (No such file or directory)
	at org.springframework.beans.factory.parsing.FailFastProblemReporter.error(FailFastProblemReporter.java:70) ~[spring-beans-4.3.17.RELEASE.jar:4.3.17.RELEASE]
	at org.springframework.beans.factory.parsing.ReaderContext.error(ReaderContext.java:118) ~[spring-beans-4.3.17.RELEASE.jar:4.3.17.RELEASE]
	at org.springframework.beans.factory.parsing.ReaderContext.error(ReaderContext.java:103) ~[spring-beans-4.3.17.RELEASE.jar:4.3.17.RELEASE]
	at org.springframework.beans.factory.xml.DefaultBeanDefinitionDocumentReader.importBeanDefinitionResource(DefaultBeanDefinitionDocumentReader.java:259) ~[spring-beans-4.3.17.RELEASE.jar:4.3.17.RELEASE]
	at org.springframework.beans.factory.xml.DefaultBeanDefinitionDocumentReader.parseDefaultElement(DefaultBeanDefinitionDocumentReader.java:184) ~[spring-beans-4.3.17.RELEASE.jar:4.3.17.RELEASE]
	at org.springframework.beans.factory.xml.DefaultBeanDefinitionDocumentReader.parseBeanDefinitions(DefaultBeanDefinitionDocumentReader.java:169) ~[spring-beans-4.3.17.RELEASE.jar:4.3.17.RELEASE]
	at org.springframework.beans.factory.xml.DefaultBeanDefinitionDocumentReader.doRegisterBeanDefinitions(DefaultBeanDefinitionDocumentReader.java:142) ~[spring-beans-4.3.17.RELEASE.jar:4.3.17.RELEASE]
	at org.springframework.beans.factory.xml.DefaultBeanDefinitionDocumentReader.registerBeanDefinitions(DefaultBeanDefinitionDocumentReader.java:94) ~[spring-beans-4.3.17.RELEASE.jar:4.3.17.RELEASE]
	at org.springframework.beans.factory.xml.XmlBeanDefinitionReader.registerBeanDefinitions(XmlBeanDefinitionReader.java:508) ~[spring-beans-4.3.17.RELEASE.jar:4.3.17.RELEASE]
	at org.springframework.beans.factory.xml.XmlBeanDefinitionReader.doLoadBeanDefinitions(XmlBeanDefinitionReader.java:392) ~[spring-beans-4.3.17.RELEASE.jar:4.3.17.RELEASE]
	at org.springframework.beans.factory.xml.XmlBeanDefinitionReader.loadBeanDefinitions(XmlBeanDefinitionReader.java:336) ~[spring-beans-4.3.17.RELEASE.jar:4.3.17.RELEASE]
	at org.springframework.beans.factory.xml.XmlBeanDefinitionReader.loadBeanDefinitions(XmlBeanDefinitionReader.java:304) ~[spring-beans-4.3.17.RELEASE.jar:4.3.17.RELEASE]
	at org.springframework.beans.factory.support.AbstractBeanDefinitionReader.loadBeanDefinitions(AbstractBeanDefinitionReader.java:181) ~[spring-beans-4.3.17.RELEASE.jar:4.3.17.RELEASE]
	at org.springframework.beans.factory.support.AbstractBeanDefinitionReader.loadBeanDefinitions(AbstractBeanDefinitionReader.java:217) ~[spring-beans-4.3.17.RELEASE.jar:4.3.17.RELEASE]
	at org.springframework.beans.factory.support.AbstractBeanDefinitionReader.loadBeanDefinitions(AbstractBeanDefinitionReader.java:188) ~[spring-beans-4.3.17.RELEASE.jar:4.3.17.RELEASE]
	at org.springframework.web.context.support.XmlWebApplicationContext.loadBeanDefinitions(XmlWebApplicationContext.java:125) ~[spring-web-4.3.17.RELEASE.jar:4.3.17.RELEASE]
	at org.springframework.web.context.support.XmlWebApplicationContext.loadBeanDefinitions(XmlWebApplicationContext.java:94) ~[spring-web-4.3.17.RELEASE.jar:4.3.17.RELEASE]
	at org.springframework.context.support.AbstractRefreshableApplicationContext.refreshBeanFactory(AbstractRefreshableApplicationContext.java:129) ~[spring-context-4.3.17.RELEASE.jar:4.3.17.RELEASE]
	at org.springframework.context.support.AbstractApplicationContext.obtainFreshBeanFactory(AbstractApplicationContext.java:614) ~[spring-context-4.3.17.RELEASE.jar:4.3.17.RELEASE]
	at org.springframework.context.support.AbstractApplicationContext.refresh(AbstractApplicationContext.java:515) ~[spring-context-4.3.17.RELEASE.jar:4.3.17.RELEASE]
	at org.springframework.web.context.ContextLoader.configureAndRefreshWebApplicationContext(ContextLoader.java:443) ~[spring-web-4.3.17.RELEASE.jar:4.3.17.RELEASE]
	at org.springframework.web.context.ContextLoader.initWebApplicationContext(ContextLoader.java:325) ~[spring-web-4.3.17.RELEASE.jar:4.3.17.RELEASE]
	at org.springframework.web.context.ContextLoaderListener.contextInitialized(ContextLoaderListener.java:107) [spring-web-4.3.17.RELEASE.jar:4.3.17.RELEASE]
	at org.eclipse.jetty.server.handler.ContextHandler.callContextInitialized(ContextHandler.java:843) [jetty-server-9.3.11.v20160721.jar:9.3.11.v20160721]
	at org.eclipse.jetty.servlet.ServletContextHandler.callContextInitialized(ServletContextHandler.java:533) [jetty-servlet-9.3.11.v20160721.jar:9.3.11.v20160721]
	at org.eclipse.jetty.server.handler.ContextHandler.startContext(ContextHandler.java:816) [jetty-server-9.3.11.v20160721.jar:9.3.11.v20160721]
	at org.eclipse.jetty.servlet.ServletContextHandler.startContext(ServletContextHandler.java:345) [jetty-servlet-9.3.11.v20160721.jar:9.3.11.v20160721]
	at org.eclipse.jetty.webapp.WebAppContext.startWebapp(WebAppContext.java:1404) [jetty-webapp-9.3.11.v20160721.jar:9.3.11.v20160721]
	at org.eclipse.jetty.maven.plugin.JettyWebAppContext.startWebapp(JettyWebAppContext.java:323) [jetty-maven-plugin-9.3.11.v20160721.jar:9.3.11.v20160721]
	at org.eclipse.jetty.webapp.WebAppContext.startContext(WebAppContext.java:1366) [jetty-webapp-9.3.11.v20160721.jar:9.3.11.v20160721]
	at org.eclipse.jetty.server.handler.ContextHandler.doStart(ContextHandler.java:778) [jetty-server-9.3.11.v20160721.jar:9.3.11.v20160721]
	at org.eclipse.jetty.servlet.ServletContextHandler.doStart(ServletContextHandler.java:262) [jetty-servlet-9.3.11.v20160721.jar:9.3.11.v20160721]
	at org.eclipse.jetty.webapp.WebAppContext.doStart(WebAppContext.java:520) [jetty-webapp-9.3.11.v20160721.jar:9.3.11.v20160721]
	at org.eclipse.jetty.maven.plugin.JettyWebAppContext.doStart(JettyWebAppContext.java:398) [jetty-maven-plugin-9.3.11.v20160721.jar:9.3.11.v20160721]
	at org.eclipse.jetty.util.component.AbstractLifeCycle.start(AbstractLifeCycle.java:68) [jetty-util-9.3.11.v20160721.jar:9.3.11.v20160721]
	at org.eclipse.jetty.util.component.ContainerLifeCycle.start(ContainerLifeCycle.java:132) [jetty-util-9.3.11.v20160721.jar:9.3.11.v20160721]
	at org.eclipse.jetty.util.component.ContainerLifeCycle.doStart(ContainerLifeCycle.java:114) [jetty-util-9.3.11.v20160721.jar:9.3.11.v20160721]
	at org.eclipse.jetty.server.handler.AbstractHandler.doStart(AbstractHandler.java:61) [jetty-server-9.3.11.v20160721.jar:9.3.11.v20160721]
	at org.eclipse.jetty.server.handler.ContextHandlerCollection.doStart(ContextHandlerCollection.java:161) [jetty-server-9.3.11.v20160721.jar:9.3.11.v20160721]
	at org.eclipse.jetty.util.component.AbstractLifeCycle.start(AbstractLifeCycle.java:68) [jetty-util-9.3.11.v20160721.jar:9.3.11.v20160721]
	at org.eclipse.jetty.util.component.ContainerLifeCycle.start(ContainerLifeCycle.java:132) [jetty-util-9.3.11.v20160721.jar:9.3.11.v20160721]
	at org.eclipse.jetty.util.component.ContainerLifeCycle.doStart(ContainerLifeCycle.java:114) [jetty-util-9.3.11.v20160721.jar:9.3.11.v20160721]
	at org.eclipse.jetty.server.handler.AbstractHandler.doStart(AbstractHandler.java:61) [jetty-server-9.3.11.v20160721.jar:9.3.11.v20160721]
	at org.eclipse.jetty.util.component.AbstractLifeCycle.start(AbstractLifeCycle.java:68) [jetty-util-9.3.11.v20160721.jar:9.3.11.v20160721]
	at org.eclipse.jetty.util.component.ContainerLifeCycle.start(ContainerLifeCycle.java:132) [jetty-util-9.3.11.v20160721.jar:9.3.11.v20160721]
	at org.eclipse.jetty.server.Server.start(Server.java:411) [jetty-server-9.3.11.v20160721.jar:9.3.11.v20160721]
	at org.eclipse.jetty.util.component.ContainerLifeCycle.doStart(ContainerLifeCycle.java:106) [jetty-util-9.3.11.v20160721.jar:9.3.11.v20160721]
	at org.eclipse.jetty.server.handler.AbstractHandler.doStart(AbstractHandler.java:61) [jetty-server-9.3.11.v20160721.jar:9.3.11.v20160721]
	at org.eclipse.jetty.server.Server.doStart(Server.java:378) [jetty-server-9.3.11.v20160721.jar:9.3.11.v20160721]
	at org.eclipse.jetty.util.component.AbstractLifeCycle.start(AbstractLifeCycle.java:68) [jetty-util-9.3.11.v20160721.jar:9.3.11.v20160721]
	at org.eclipse.jetty.maven.plugin.AbstractJettyMojo.startJetty(AbstractJettyMojo.java:460) [jetty-maven-plugin-9.3.11.v20160721.jar:9.3.11.v20160721]
	at org.eclipse.jetty.maven.plugin.AbstractJettyMojo.execute(AbstractJettyMojo.java:328) [jetty-maven-plugin-9.3.11.v20160721.jar:9.3.11.v20160721]
	at org.eclipse.jetty.maven.plugin.JettyRunMojo.execute(JettyRunMojo.java:170) [jetty-maven-plugin-9.3.11.v20160721.jar:9.3.11.v20160721]
	at org.apache.maven.plugin.DefaultBuildPluginManager.executeMojo(DefaultBuildPluginManager.java:137) [maven-core-3.5.3.jar:3.5.3]
	at org.apache.maven.lifecycle.internal.MojoExecutor.execute(MojoExecutor.java:208) [maven-core-3.5.3.jar:3.5.3]
	at org.apache.maven.lifecycle.internal.MojoExecutor.execute(MojoExecutor.java:154) [maven-core-3.5.3.jar:3.5.3]
	at org.apache.maven.lifecycle.internal.MojoExecutor.execute(MojoExecutor.java:146) [maven-core-3.5.3.jar:3.5.3]
	at org.apache.maven.lifecycle.internal.LifecycleModuleBuilder.buildProject(LifecycleModuleBuilder.java:117) [maven-core-3.5.3.jar:3.5.3]
	at org.apache.maven.lifecycle.internal.LifecycleModuleBuilder.buildProject(LifecycleModuleBuilder.java:81) [maven-core-3.5.3.jar:3.5.3]
	at org.apache.maven.lifecycle.internal.builder.singlethreaded.SingleThreadedBuilder.build(SingleThreadedBuilder.java:56) [maven-core-3.5.3.jar:3.5.3]
	at org.apache.maven.lifecycle.internal.LifecycleStarter.execute(LifecycleStarter.java:128) [maven-core-3.5.3.jar:3.5.3]
	at org.apache.maven.DefaultMaven.doExecute(DefaultMaven.java:305) [maven-core-3.5.3.jar:3.5.3]
	at org.apache.maven.DefaultMaven.doExecute(DefaultMaven.java:192) [maven-core-3.5.3.jar:3.5.3]
	at org.apache.maven.DefaultMaven.execute(DefaultMaven.java:105) [maven-core-3.5.3.jar:3.5.3]
	at org.apache.maven.cli.MavenCli.execute(MavenCli.java:956) [maven-embedder-3.5.3.jar:3.5.3]
	at org.apache.maven.cli.MavenCli.doMain(MavenCli.java:290) [maven-embedder-3.5.3.jar:3.5.3]
	at org.apache.maven.cli.MavenCli.main(MavenCli.java:194) [maven-embedder-3.5.3.jar:3.5.3]
	at sun.reflect.NativeMethodAccessorImpl.invoke0(Native Method) ~[na:1.8.0_162]
	at sun.reflect.NativeMethodAccessorImpl.invoke(NativeMethodAccessorImpl.java:62) ~[na:1.8.0_162]
	at sun.reflect.DelegatingMethodAccessorImpl.invoke(DelegatingMethodAccessorImpl.java:43) ~[na:1.8.0_162]
	at java.lang.reflect.Method.invoke(Method.java:498) ~[na:1.8.0_162]
	at org.codehaus.plexus.classworlds.launcher.Launcher.launchEnhanced(Launcher.java:289) [plexus-classworlds-2.5.2.jar:na]
	at org.codehaus.plexus.classworlds.launcher.Launcher.launch(Launcher.java:229) [plexus-classworlds-2.5.2.jar:na]
	at org.codehaus.plexus.classworlds.launcher.Launcher.mainWithExitCode(Launcher.java:415) [plexus-classworlds-2.5.2.jar:na]
	at org.codehaus.plexus.classworlds.launcher.Launcher.main(Launcher.java:356) [plexus-classworlds-2.5.2.jar:na]
Caused by: org.springframework.beans.factory.BeanDefinitionStoreException: IOException parsing XML document from URL [file:/home/mnunez/Desktop/Activity%201%20-%207%20(gitrepository)/Activity%2013%20-%20Spring%20REST/app/src/main/webapp/WEB-INF/com.exist.ecc.app.config.SecurityConfig]; nested exception is java.io.FileNotFoundException: /home/mnunez/Desktop/Activity 1 - 7 (gitrepository)/Activity 13 - Spring REST/app/src/main/webapp/WEB-INF/com.exist.ecc.app.config.SecurityConfig (No such file or directory)
	at org.springframework.beans.factory.xml.XmlBeanDefinitionReader.loadBeanDefinitions(XmlBeanDefinitionReader.java:344) ~[spring-beans-4.3.17.RELEASE.jar:4.3.17.RELEASE]
	at org.springframework.beans.factory.xml.XmlBeanDefinitionReader.loadBeanDefinitions(XmlBeanDefinitionReader.java:304) ~[spring-beans-4.3.17.RELEASE.jar:4.3.17.RELEASE]
	at org.springframework.beans.factory.support.AbstractBeanDefinitionReader.loadBeanDefinitions(AbstractBeanDefinitionReader.java:181) ~[spring-beans-4.3.17.RELEASE.jar:4.3.17.RELEASE]
	at org.springframework.beans.factory.support.AbstractBeanDefinitionReader.loadBeanDefinitions(AbstractBeanDefinitionReader.java:217) ~[spring-beans-4.3.17.RELEASE.jar:4.3.17.RELEASE]
	at org.springframework.beans.factory.xml.DefaultBeanDefinitionDocumentReader.importBeanDefinitionResource(DefaultBeanDefinitionDocumentReader.java:248) ~[spring-beans-4.3.17.RELEASE.jar:4.3.17.RELEASE]
	... 71 common frames omitted
Caused by: java.io.FileNotFoundException: /home/mnunez/Desktop/Activity 1 - 7 (gitrepository)/Activity 13 - Spring REST/app/src/main/webapp/WEB-INF/com.exist.ecc.app.config.SecurityConfig (No such file or directory)
	at java.io.FileInputStream.open0(Native Method) ~[na:1.8.0_162]
	at java.io.FileInputStream.open(FileInputStream.java:195) ~[na:1.8.0_162]
	at java.io.FileInputStream.<init>(FileInputStream.java:138) ~[na:1.8.0_162]
	at java.io.FileInputStream.<init>(FileInputStream.java:93) ~[na:1.8.0_162]
	at sun.net.www.protocol.file.FileURLConnection.connect(FileURLConnection.java:90) ~[na:1.8.0_162]
	at sun.net.www.protocol.file.FileURLConnection.getInputStream(FileURLConnection.java:188) ~[na:1.8.0_162]
	at org.springframework.core.io.UrlResource.getInputStream(UrlResource.java:169) ~[spring-core-4.3.17.RELEASE.jar:4.3.17.RELEASE]
	at org.springframework.beans.factory.xml.XmlBeanDefinitionReader.loadBeanDefinitions(XmlBeanDefinitionReader.java:330) ~[spring-beans-4.3.17.RELEASE.jar:4.3.17.RELEASE]
	... 75 common frames omitted
2018-05-21 16:09:35 - Context initialization failed
org.springframework.beans.factory.xml.XmlBeanDefinitionStoreException: Line 54 in XML document from ServletContext resource [/WEB-INF/spring-context.xml] is invalid; nested exception is org.xml.sax.SAXParseException; lineNumber: 54; columnNumber: 9; cvc-complex-type.2.3: Element 'beans' cannot have character [children], because the type's content type is element-only.
	at org.springframework.beans.factory.xml.XmlBeanDefinitionReader.doLoadBeanDefinitions(XmlBeanDefinitionReader.java:399) ~[spring-beans-4.3.17.RELEASE.jar:4.3.17.RELEASE]
	at org.springframework.beans.factory.xml.XmlBeanDefinitionReader.loadBeanDefinitions(XmlBeanDefinitionReader.java:336) ~[spring-beans-4.3.17.RELEASE.jar:4.3.17.RELEASE]
	at org.springframework.beans.factory.xml.XmlBeanDefinitionReader.loadBeanDefinitions(XmlBeanDefinitionReader.java:304) ~[spring-beans-4.3.17.RELEASE.jar:4.3.17.RELEASE]
	at org.springframework.beans.factory.support.AbstractBeanDefinitionReader.loadBeanDefinitions(AbstractBeanDefinitionReader.java:181) ~[spring-beans-4.3.17.RELEASE.jar:4.3.17.RELEASE]
	at org.springframework.beans.factory.support.AbstractBeanDefinitionReader.loadBeanDefinitions(AbstractBeanDefinitionReader.java:217) ~[spring-beans-4.3.17.RELEASE.jar:4.3.17.RELEASE]
	at org.springframework.beans.factory.support.AbstractBeanDefinitionReader.loadBeanDefinitions(AbstractBeanDefinitionReader.java:188) ~[spring-beans-4.3.17.RELEASE.jar:4.3.17.RELEASE]
	at org.springframework.web.context.support.XmlWebApplicationContext.loadBeanDefinitions(XmlWebApplicationContext.java:125) ~[spring-web-4.3.17.RELEASE.jar:4.3.17.RELEASE]
	at org.springframework.web.context.support.XmlWebApplicationContext.loadBeanDefinitions(XmlWebApplicationContext.java:94) ~[spring-web-4.3.17.RELEASE.jar:4.3.17.RELEASE]
	at org.springframework.context.support.AbstractRefreshableApplicationContext.refreshBeanFactory(AbstractRefreshableApplicationContext.java:129) ~[spring-context-4.3.17.RELEASE.jar:4.3.17.RELEASE]
	at org.springframework.context.support.AbstractApplicationContext.obtainFreshBeanFactory(AbstractApplicationContext.java:614) ~[spring-context-4.3.17.RELEASE.jar:4.3.17.RELEASE]
	at org.springframework.context.support.AbstractApplicationContext.refresh(AbstractApplicationContext.java:515) ~[spring-context-4.3.17.RELEASE.jar:4.3.17.RELEASE]
	at org.springframework.web.context.ContextLoader.configureAndRefreshWebApplicationContext(ContextLoader.java:443) ~[spring-web-4.3.17.RELEASE.jar:4.3.17.RELEASE]
	at org.springframework.web.context.ContextLoader.initWebApplicationContext(ContextLoader.java:325) ~[spring-web-4.3.17.RELEASE.jar:4.3.17.RELEASE]
	at org.springframework.web.context.ContextLoaderListener.contextInitialized(ContextLoaderListener.java:107) [spring-web-4.3.17.RELEASE.jar:4.3.17.RELEASE]
	at org.eclipse.jetty.server.handler.ContextHandler.callContextInitialized(ContextHandler.java:843) [jetty-server-9.3.11.v20160721.jar:9.3.11.v20160721]
	at org.eclipse.jetty.servlet.ServletContextHandler.callContextInitialized(ServletContextHandler.java:533) [jetty-servlet-9.3.11.v20160721.jar:9.3.11.v20160721]
	at org.eclipse.jetty.server.handler.ContextHandler.startContext(ContextHandler.java:816) [jetty-server-9.3.11.v20160721.jar:9.3.11.v20160721]
	at org.eclipse.jetty.servlet.ServletContextHandler.startContext(ServletContextHandler.java:345) [jetty-servlet-9.3.11.v20160721.jar:9.3.11.v20160721]
	at org.eclipse.jetty.webapp.WebAppContext.startWebapp(WebAppContext.java:1404) [jetty-webapp-9.3.11.v20160721.jar:9.3.11.v20160721]
	at org.eclipse.jetty.maven.plugin.JettyWebAppContext.startWebapp(JettyWebAppContext.java:323) [jetty-maven-plugin-9.3.11.v20160721.jar:9.3.11.v20160721]
	at org.eclipse.jetty.webapp.WebAppContext.startContext(WebAppContext.java:1366) [jetty-webapp-9.3.11.v20160721.jar:9.3.11.v20160721]
	at org.eclipse.jetty.server.handler.ContextHandler.doStart(ContextHandler.java:778) [jetty-server-9.3.11.v20160721.jar:9.3.11.v20160721]
	at org.eclipse.jetty.servlet.ServletContextHandler.doStart(ServletContextHandler.java:262) [jetty-servlet-9.3.11.v20160721.jar:9.3.11.v20160721]
	at org.eclipse.jetty.webapp.WebAppContext.doStart(WebAppContext.java:520) [jetty-webapp-9.3.11.v20160721.jar:9.3.11.v20160721]
	at org.eclipse.jetty.maven.plugin.JettyWebAppContext.doStart(JettyWebAppContext.java:398) [jetty-maven-plugin-9.3.11.v20160721.jar:9.3.11.v20160721]
	at org.eclipse.jetty.util.component.AbstractLifeCycle.start(AbstractLifeCycle.java:68) [jetty-util-9.3.11.v20160721.jar:9.3.11.v20160721]
	at org.eclipse.jetty.util.component.ContainerLifeCycle.start(ContainerLifeCycle.java:132) [jetty-util-9.3.11.v20160721.jar:9.3.11.v20160721]
	at org.eclipse.jetty.util.component.ContainerLifeCycle.doStart(ContainerLifeCycle.java:114) [jetty-util-9.3.11.v20160721.jar:9.3.11.v20160721]
	at org.eclipse.jetty.server.handler.AbstractHandler.doStart(AbstractHandler.java:61) [jetty-server-9.3.11.v20160721.jar:9.3.11.v20160721]
	at org.eclipse.jetty.server.handler.ContextHandlerCollection.doStart(ContextHandlerCollection.java:161) [jetty-server-9.3.11.v20160721.jar:9.3.11.v20160721]
	at org.eclipse.jetty.util.component.AbstractLifeCycle.start(AbstractLifeCycle.java:68) [jetty-util-9.3.11.v20160721.jar:9.3.11.v20160721]
	at org.eclipse.jetty.util.component.ContainerLifeCycle.start(ContainerLifeCycle.java:132) [jetty-util-9.3.11.v20160721.jar:9.3.11.v20160721]
	at org.eclipse.jetty.util.component.ContainerLifeCycle.doStart(ContainerLifeCycle.java:114) [jetty-util-9.3.11.v20160721.jar:9.3.11.v20160721]
	at org.eclipse.jetty.server.handler.AbstractHandler.doStart(AbstractHandler.java:61) [jetty-server-9.3.11.v20160721.jar:9.3.11.v20160721]
	at org.eclipse.jetty.util.component.AbstractLifeCycle.start(AbstractLifeCycle.java:68) [jetty-util-9.3.11.v20160721.jar:9.3.11.v20160721]
	at org.eclipse.jetty.util.component.ContainerLifeCycle.start(ContainerLifeCycle.java:132) [jetty-util-9.3.11.v20160721.jar:9.3.11.v20160721]
	at org.eclipse.jetty.server.Server.start(Server.java:411) [jetty-server-9.3.11.v20160721.jar:9.3.11.v20160721]
	at org.eclipse.jetty.util.component.ContainerLifeCycle.doStart(ContainerLifeCycle.java:106) [jetty-util-9.3.11.v20160721.jar:9.3.11.v20160721]
	at org.eclipse.jetty.server.handler.AbstractHandler.doStart(AbstractHandler.java:61) [jetty-server-9.3.11.v20160721.jar:9.3.11.v20160721]
	at org.eclipse.jetty.server.Server.doStart(Server.java:378) [jetty-server-9.3.11.v20160721.jar:9.3.11.v20160721]
	at org.eclipse.jetty.util.component.AbstractLifeCycle.start(AbstractLifeCycle.java:68) [jetty-util-9.3.11.v20160721.jar:9.3.11.v20160721]
	at org.eclipse.jetty.maven.plugin.AbstractJettyMojo.startJetty(AbstractJettyMojo.java:460) [jetty-maven-plugin-9.3.11.v20160721.jar:9.3.11.v20160721]
	at org.eclipse.jetty.maven.plugin.AbstractJettyMojo.execute(AbstractJettyMojo.java:328) [jetty-maven-plugin-9.3.11.v20160721.jar:9.3.11.v20160721]
	at org.eclipse.jetty.maven.plugin.JettyRunMojo.execute(JettyRunMojo.java:170) [jetty-maven-plugin-9.3.11.v20160721.jar:9.3.11.v20160721]
	at org.apache.maven.plugin.DefaultBuildPluginManager.executeMojo(DefaultBuildPluginManager.java:137) [maven-core-3.5.3.jar:3.5.3]
	at org.apache.maven.lifecycle.internal.MojoExecutor.execute(MojoExecutor.java:208) [maven-core-3.5.3.jar:3.5.3]
	at org.apache.maven.lifecycle.internal.MojoExecutor.execute(MojoExecutor.java:154) [maven-core-3.5.3.jar:3.5.3]
	at org.apache.maven.lifecycle.internal.MojoExecutor.execute(MojoExecutor.java:146) [maven-core-3.5.3.jar:3.5.3]
	at org.apache.maven.lifecycle.internal.LifecycleModuleBuilder.buildProject(LifecycleModuleBuilder.java:117) [maven-core-3.5.3.jar:3.5.3]
	at org.apache.maven.lifecycle.internal.LifecycleModuleBuilder.buildProject(LifecycleModuleBuilder.java:81) [maven-core-3.5.3.jar:3.5.3]
	at org.apache.maven.lifecycle.internal.builder.singlethreaded.SingleThreadedBuilder.build(SingleThreadedBuilder.java:56) [maven-core-3.5.3.jar:3.5.3]
	at org.apache.maven.lifecycle.internal.LifecycleStarter.execute(LifecycleStarter.java:128) [maven-core-3.5.3.jar:3.5.3]
	at org.apache.maven.DefaultMaven.doExecute(DefaultMaven.java:305) [maven-core-3.5.3.jar:3.5.3]
	at org.apache.maven.DefaultMaven.doExecute(DefaultMaven.java:192) [maven-core-3.5.3.jar:3.5.3]
	at org.apache.maven.DefaultMaven.execute(DefaultMaven.java:105) [maven-core-3.5.3.jar:3.5.3]
	at org.apache.maven.cli.MavenCli.execute(MavenCli.java:956) [maven-embedder-3.5.3.jar:3.5.3]
	at org.apache.maven.cli.MavenCli.doMain(MavenCli.java:290) [maven-embedder-3.5.3.jar:3.5.3]
	at org.apache.maven.cli.MavenCli.main(MavenCli.java:194) [maven-embedder-3.5.3.jar:3.5.3]
	at sun.reflect.NativeMethodAccessorImpl.invoke0(Native Method) ~[na:1.8.0_162]
	at sun.reflect.NativeMethodAccessorImpl.invoke(NativeMethodAccessorImpl.java:62) ~[na:1.8.0_162]
	at sun.reflect.DelegatingMethodAccessorImpl.invoke(DelegatingMethodAccessorImpl.java:43) ~[na:1.8.0_162]
	at java.lang.reflect.Method.invoke(Method.java:498) ~[na:1.8.0_162]
	at org.codehaus.plexus.classworlds.launcher.Launcher.launchEnhanced(Launcher.java:289) [plexus-classworlds-2.5.2.jar:na]
	at org.codehaus.plexus.classworlds.launcher.Launcher.launch(Launcher.java:229) [plexus-classworlds-2.5.2.jar:na]
	at org.codehaus.plexus.classworlds.launcher.Launcher.mainWithExitCode(Launcher.java:415) [plexus-classworlds-2.5.2.jar:na]
	at org.codehaus.plexus.classworlds.launcher.Launcher.main(Launcher.java:356) [plexus-classworlds-2.5.2.jar:na]
Caused by: org.xml.sax.SAXParseException: cvc-complex-type.2.3: Element 'beans' cannot have character [children], because the type's content type is element-only.
	at com.sun.org.apache.xerces.internal.util.ErrorHandlerWrapper.createSAXParseException(ErrorHandlerWrapper.java:203) ~[na:1.8.0_162]
	at com.sun.org.apache.xerces.internal.util.ErrorHandlerWrapper.error(ErrorHandlerWrapper.java:134) ~[na:1.8.0_162]
	at com.sun.org.apache.xerces.internal.impl.XMLErrorReporter.reportError(XMLErrorReporter.java:396) ~[na:1.8.0_162]
	at com.sun.org.apache.xerces.internal.impl.XMLErrorReporter.reportError(XMLErrorReporter.java:327) ~[na:1.8.0_162]
	at com.sun.org.apache.xerces.internal.impl.XMLErrorReporter.reportError(XMLErrorReporter.java:284) ~[na:1.8.0_162]
	at com.sun.org.apache.xerces.internal.impl.xs.XMLSchemaValidator$XSIErrorReporter.reportError(XMLSchemaValidator.java:453) ~[na:1.8.0_162]
	at com.sun.org.apache.xerces.internal.impl.xs.XMLSchemaValidator.reportSchemaError(XMLSchemaValidator.java:3231) ~[na:1.8.0_162]
	at com.sun.org.apache.xerces.internal.impl.xs.XMLSchemaValidator.elementLocallyValidComplexType(XMLSchemaValidator.java:3194) ~[na:1.8.0_162]
	at com.sun.org.apache.xerces.internal.impl.xs.XMLSchemaValidator.elementLocallyValidType(XMLSchemaValidator.java:3154) ~[na:1.8.0_162]
	at com.sun.org.apache.xerces.internal.impl.xs.XMLSchemaValidator.processElementContent(XMLSchemaValidator.java:3056) ~[na:1.8.0_162]
	at com.sun.org.apache.xerces.internal.impl.xs.XMLSchemaValidator.handleEndElement(XMLSchemaValidator.java:2135) ~[na:1.8.0_162]
	at com.sun.org.apache.xerces.internal.impl.xs.XMLSchemaValidator.endElement(XMLSchemaValidator.java:854) ~[na:1.8.0_162]
	at com.sun.org.apache.xerces.internal.impl.XMLDocumentFragmentScannerImpl.scanEndElement(XMLDocumentFragmentScannerImpl.java:1782) ~[na:1.8.0_162]
	at com.sun.org.apache.xerces.internal.impl.XMLDocumentFragmentScannerImpl$FragmentContentDriver.next(XMLDocumentFragmentScannerImpl.java:2967) ~[na:1.8.0_162]
	at com.sun.org.apache.xerces.internal.impl.XMLDocumentScannerImpl.next(XMLDocumentScannerImpl.java:602) ~[na:1.8.0_162]
	at com.sun.org.apache.xerces.internal.impl.XMLNSDocumentScannerImpl.next(XMLNSDocumentScannerImpl.java:112) ~[na:1.8.0_162]
	at com.sun.org.apache.xerces.internal.impl.XMLDocumentFragmentScannerImpl.scanDocument(XMLDocumentFragmentScannerImpl.java:505) ~[na:1.8.0_162]
	at com.sun.org.apache.xerces.internal.parsers.XML11Configuration.parse(XML11Configuration.java:842) ~[na:1.8.0_162]
	at com.sun.org.apache.xerces.internal.parsers.XML11Configuration.parse(XML11Configuration.java:771) ~[na:1.8.0_162]
	at com.sun.org.apache.xerces.internal.parsers.XMLParser.parse(XMLParser.java:141) ~[na:1.8.0_162]
	at com.sun.org.apache.xerces.internal.parsers.DOMParser.parse(DOMParser.java:243) ~[na:1.8.0_162]
	at com.sun.org.apache.xerces.internal.jaxp.DocumentBuilderImpl.parse(DocumentBuilderImpl.java:339) ~[na:1.8.0_162]
	at org.springframework.beans.factory.xml.DefaultDocumentLoader.loadDocument(DefaultDocumentLoader.java:76) ~[spring-beans-4.3.17.RELEASE.jar:4.3.17.RELEASE]
	at org.springframework.beans.factory.xml.XmlBeanDefinitionReader.doLoadDocument(XmlBeanDefinitionReader.java:429) ~[spring-beans-4.3.17.RELEASE.jar:4.3.17.RELEASE]
	at org.springframework.beans.factory.xml.XmlBeanDefinitionReader.doLoadBeanDefinitions(XmlBeanDefinitionReader.java:391) ~[spring-beans-4.3.17.RELEASE.jar:4.3.17.RELEASE]
	... 65 common frames omitted
2018-05-21 16:10:25 - Context initialization failed
org.springframework.beans.factory.BeanDefinitionStoreException: IOException parsing XML document from ServletContext resource [/com.exist.ecc.app.config.SecurityConfig]; nested exception is java.io.FileNotFoundException: Could not open ServletContext resource [/com.exist.ecc.app.config.SecurityConfig]
	at org.springframework.beans.factory.xml.XmlBeanDefinitionReader.loadBeanDefinitions(XmlBeanDefinitionReader.java:344) ~[spring-beans-4.3.17.RELEASE.jar:4.3.17.RELEASE]
	at org.springframework.beans.factory.xml.XmlBeanDefinitionReader.loadBeanDefinitions(XmlBeanDefinitionReader.java:304) ~[spring-beans-4.3.17.RELEASE.jar:4.3.17.RELEASE]
	at org.springframework.beans.factory.support.AbstractBeanDefinitionReader.loadBeanDefinitions(AbstractBeanDefinitionReader.java:181) ~[spring-beans-4.3.17.RELEASE.jar:4.3.17.RELEASE]
	at org.springframework.beans.factory.support.AbstractBeanDefinitionReader.loadBeanDefinitions(AbstractBeanDefinitionReader.java:217) ~[spring-beans-4.3.17.RELEASE.jar:4.3.17.RELEASE]
	at org.springframework.beans.factory.support.AbstractBeanDefinitionReader.loadBeanDefinitions(AbstractBeanDefinitionReader.java:188) ~[spring-beans-4.3.17.RELEASE.jar:4.3.17.RELEASE]
	at org.springframework.web.context.support.XmlWebApplicationContext.loadBeanDefinitions(XmlWebApplicationContext.java:125) ~[spring-web-4.3.17.RELEASE.jar:4.3.17.RELEASE]
	at org.springframework.web.context.support.XmlWebApplicationContext.loadBeanDefinitions(XmlWebApplicationContext.java:94) ~[spring-web-4.3.17.RELEASE.jar:4.3.17.RELEASE]
	at org.springframework.context.support.AbstractRefreshableApplicationContext.refreshBeanFactory(AbstractRefreshableApplicationContext.java:129) ~[spring-context-4.3.17.RELEASE.jar:4.3.17.RELEASE]
	at org.springframework.context.support.AbstractApplicationContext.obtainFreshBeanFactory(AbstractApplicationContext.java:614) ~[spring-context-4.3.17.RELEASE.jar:4.3.17.RELEASE]
	at org.springframework.context.support.AbstractApplicationContext.refresh(AbstractApplicationContext.java:515) ~[spring-context-4.3.17.RELEASE.jar:4.3.17.RELEASE]
	at org.springframework.web.context.ContextLoader.configureAndRefreshWebApplicationContext(ContextLoader.java:443) ~[spring-web-4.3.17.RELEASE.jar:4.3.17.RELEASE]
	at org.springframework.web.context.ContextLoader.initWebApplicationContext(ContextLoader.java:325) ~[spring-web-4.3.17.RELEASE.jar:4.3.17.RELEASE]
	at org.springframework.web.context.ContextLoaderListener.contextInitialized(ContextLoaderListener.java:107) [spring-web-4.3.17.RELEASE.jar:4.3.17.RELEASE]
	at org.eclipse.jetty.server.handler.ContextHandler.callContextInitialized(ContextHandler.java:843) [jetty-server-9.3.11.v20160721.jar:9.3.11.v20160721]
	at org.eclipse.jetty.servlet.ServletContextHandler.callContextInitialized(ServletContextHandler.java:533) [jetty-servlet-9.3.11.v20160721.jar:9.3.11.v20160721]
	at org.eclipse.jetty.server.handler.ContextHandler.startContext(ContextHandler.java:816) [jetty-server-9.3.11.v20160721.jar:9.3.11.v20160721]
	at org.eclipse.jetty.servlet.ServletContextHandler.startContext(ServletContextHandler.java:345) [jetty-servlet-9.3.11.v20160721.jar:9.3.11.v20160721]
	at org.eclipse.jetty.webapp.WebAppContext.startWebapp(WebAppContext.java:1404) [jetty-webapp-9.3.11.v20160721.jar:9.3.11.v20160721]
	at org.eclipse.jetty.maven.plugin.JettyWebAppContext.startWebapp(JettyWebAppContext.java:323) [jetty-maven-plugin-9.3.11.v20160721.jar:9.3.11.v20160721]
	at org.eclipse.jetty.webapp.WebAppContext.startContext(WebAppContext.java:1366) [jetty-webapp-9.3.11.v20160721.jar:9.3.11.v20160721]
	at org.eclipse.jetty.server.handler.ContextHandler.doStart(ContextHandler.java:778) [jetty-server-9.3.11.v20160721.jar:9.3.11.v20160721]
	at org.eclipse.jetty.servlet.ServletContextHandler.doStart(ServletContextHandler.java:262) [jetty-servlet-9.3.11.v20160721.jar:9.3.11.v20160721]
	at org.eclipse.jetty.webapp.WebAppContext.doStart(WebAppContext.java:520) [jetty-webapp-9.3.11.v20160721.jar:9.3.11.v20160721]
	at org.eclipse.jetty.maven.plugin.JettyWebAppContext.doStart(JettyWebAppContext.java:398) [jetty-maven-plugin-9.3.11.v20160721.jar:9.3.11.v20160721]
	at org.eclipse.jetty.util.component.AbstractLifeCycle.start(AbstractLifeCycle.java:68) [jetty-util-9.3.11.v20160721.jar:9.3.11.v20160721]
	at org.eclipse.jetty.util.component.ContainerLifeCycle.start(ContainerLifeCycle.java:132) [jetty-util-9.3.11.v20160721.jar:9.3.11.v20160721]
	at org.eclipse.jetty.util.component.ContainerLifeCycle.doStart(ContainerLifeCycle.java:114) [jetty-util-9.3.11.v20160721.jar:9.3.11.v20160721]
	at org.eclipse.jetty.server.handler.AbstractHandler.doStart(AbstractHandler.java:61) [jetty-server-9.3.11.v20160721.jar:9.3.11.v20160721]
	at org.eclipse.jetty.server.handler.ContextHandlerCollection.doStart(ContextHandlerCollection.java:161) [jetty-server-9.3.11.v20160721.jar:9.3.11.v20160721]
	at org.eclipse.jetty.util.component.AbstractLifeCycle.start(AbstractLifeCycle.java:68) [jetty-util-9.3.11.v20160721.jar:9.3.11.v20160721]
	at org.eclipse.jetty.util.component.ContainerLifeCycle.start(ContainerLifeCycle.java:132) [jetty-util-9.3.11.v20160721.jar:9.3.11.v20160721]
	at org.eclipse.jetty.util.component.ContainerLifeCycle.doStart(ContainerLifeCycle.java:114) [jetty-util-9.3.11.v20160721.jar:9.3.11.v20160721]
	at org.eclipse.jetty.server.handler.AbstractHandler.doStart(AbstractHandler.java:61) [jetty-server-9.3.11.v20160721.jar:9.3.11.v20160721]
	at org.eclipse.jetty.util.component.AbstractLifeCycle.start(AbstractLifeCycle.java:68) [jetty-util-9.3.11.v20160721.jar:9.3.11.v20160721]
	at org.eclipse.jetty.util.component.ContainerLifeCycle.start(ContainerLifeCycle.java:132) [jetty-util-9.3.11.v20160721.jar:9.3.11.v20160721]
	at org.eclipse.jetty.server.Server.start(Server.java:411) [jetty-server-9.3.11.v20160721.jar:9.3.11.v20160721]
	at org.eclipse.jetty.util.component.ContainerLifeCycle.doStart(ContainerLifeCycle.java:106) [jetty-util-9.3.11.v20160721.jar:9.3.11.v20160721]
	at org.eclipse.jetty.server.handler.AbstractHandler.doStart(AbstractHandler.java:61) [jetty-server-9.3.11.v20160721.jar:9.3.11.v20160721]
	at org.eclipse.jetty.server.Server.doStart(Server.java:378) [jetty-server-9.3.11.v20160721.jar:9.3.11.v20160721]
	at org.eclipse.jetty.util.component.AbstractLifeCycle.start(AbstractLifeCycle.java:68) [jetty-util-9.3.11.v20160721.jar:9.3.11.v20160721]
	at org.eclipse.jetty.maven.plugin.AbstractJettyMojo.startJetty(AbstractJettyMojo.java:460) [jetty-maven-plugin-9.3.11.v20160721.jar:9.3.11.v20160721]
	at org.eclipse.jetty.maven.plugin.AbstractJettyMojo.execute(AbstractJettyMojo.java:328) [jetty-maven-plugin-9.3.11.v20160721.jar:9.3.11.v20160721]
	at org.eclipse.jetty.maven.plugin.JettyRunMojo.execute(JettyRunMojo.java:170) [jetty-maven-plugin-9.3.11.v20160721.jar:9.3.11.v20160721]
	at org.apache.maven.plugin.DefaultBuildPluginManager.executeMojo(DefaultBuildPluginManager.java:137) [maven-core-3.5.3.jar:3.5.3]
	at org.apache.maven.lifecycle.internal.MojoExecutor.execute(MojoExecutor.java:208) [maven-core-3.5.3.jar:3.5.3]
	at org.apache.maven.lifecycle.internal.MojoExecutor.execute(MojoExecutor.java:154) [maven-core-3.5.3.jar:3.5.3]
	at org.apache.maven.lifecycle.internal.MojoExecutor.execute(MojoExecutor.java:146) [maven-core-3.5.3.jar:3.5.3]
	at org.apache.maven.lifecycle.internal.LifecycleModuleBuilder.buildProject(LifecycleModuleBuilder.java:117) [maven-core-3.5.3.jar:3.5.3]
	at org.apache.maven.lifecycle.internal.LifecycleModuleBuilder.buildProject(LifecycleModuleBuilder.java:81) [maven-core-3.5.3.jar:3.5.3]
	at org.apache.maven.lifecycle.internal.builder.singlethreaded.SingleThreadedBuilder.build(SingleThreadedBuilder.java:56) [maven-core-3.5.3.jar:3.5.3]
	at org.apache.maven.lifecycle.internal.LifecycleStarter.execute(LifecycleStarter.java:128) [maven-core-3.5.3.jar:3.5.3]
	at org.apache.maven.DefaultMaven.doExecute(DefaultMaven.java:305) [maven-core-3.5.3.jar:3.5.3]
	at org.apache.maven.DefaultMaven.doExecute(DefaultMaven.java:192) [maven-core-3.5.3.jar:3.5.3]
	at org.apache.maven.DefaultMaven.execute(DefaultMaven.java:105) [maven-core-3.5.3.jar:3.5.3]
	at org.apache.maven.cli.MavenCli.execute(MavenCli.java:956) [maven-embedder-3.5.3.jar:3.5.3]
	at org.apache.maven.cli.MavenCli.doMain(MavenCli.java:290) [maven-embedder-3.5.3.jar:3.5.3]
	at org.apache.maven.cli.MavenCli.main(MavenCli.java:194) [maven-embedder-3.5.3.jar:3.5.3]
	at sun.reflect.NativeMethodAccessorImpl.invoke0(Native Method) ~[na:1.8.0_162]
	at sun.reflect.NativeMethodAccessorImpl.invoke(NativeMethodAccessorImpl.java:62) ~[na:1.8.0_162]
	at sun.reflect.DelegatingMethodAccessorImpl.invoke(DelegatingMethodAccessorImpl.java:43) ~[na:1.8.0_162]
	at java.lang.reflect.Method.invoke(Method.java:498) ~[na:1.8.0_162]
	at org.codehaus.plexus.classworlds.launcher.Launcher.launchEnhanced(Launcher.java:289) [plexus-classworlds-2.5.2.jar:na]
	at org.codehaus.plexus.classworlds.launcher.Launcher.launch(Launcher.java:229) [plexus-classworlds-2.5.2.jar:na]
	at org.codehaus.plexus.classworlds.launcher.Launcher.mainWithExitCode(Launcher.java:415) [plexus-classworlds-2.5.2.jar:na]
	at org.codehaus.plexus.classworlds.launcher.Launcher.main(Launcher.java:356) [plexus-classworlds-2.5.2.jar:na]
Caused by: java.io.FileNotFoundException: Could not open ServletContext resource [/com.exist.ecc.app.config.SecurityConfig]
	at org.springframework.web.context.support.ServletContextResource.getInputStream(ServletContextResource.java:141) ~[spring-web-4.3.17.RELEASE.jar:4.3.17.RELEASE]
	at org.springframework.beans.factory.xml.XmlBeanDefinitionReader.loadBeanDefinitions(XmlBeanDefinitionReader.java:330) ~[spring-beans-4.3.17.RELEASE.jar:4.3.17.RELEASE]
	... 64 common frames omitted
2018-05-21 16:32:30 - Context initialization failed
org.springframework.beans.factory.BeanCreationException: Error creating bean with name 'securityConfig': Injection of autowired dependencies failed; nested exception is java.lang.IllegalArgumentException: ROLE_ADMIN cannot start with ROLE_ (it is automatically added)
	at org.springframework.beans.factory.annotation.AutowiredAnnotationBeanPostProcessor.postProcessPropertyValues(AutowiredAnnotationBeanPostProcessor.java:372) ~[spring-beans-4.3.17.RELEASE.jar:4.3.17.RELEASE]
	at org.springframework.beans.factory.support.AbstractAutowireCapableBeanFactory.populateBean(AbstractAutowireCapableBeanFactory.java:1272) ~[spring-beans-4.3.17.RELEASE.jar:4.3.17.RELEASE]
	at org.springframework.beans.factory.support.AbstractAutowireCapableBeanFactory.doCreateBean(AbstractAutowireCapableBeanFactory.java:553) ~[spring-beans-4.3.17.RELEASE.jar:4.3.17.RELEASE]
	at org.springframework.beans.factory.support.AbstractAutowireCapableBeanFactory.createBean(AbstractAutowireCapableBeanFactory.java:483) ~[spring-beans-4.3.17.RELEASE.jar:4.3.17.RELEASE]
	at org.springframework.beans.factory.support.AbstractBeanFactory$1.getObject(AbstractBeanFactory.java:312) ~[spring-beans-4.3.17.RELEASE.jar:4.3.17.RELEASE]
	at org.springframework.beans.factory.support.DefaultSingletonBeanRegistry.getSingleton(DefaultSingletonBeanRegistry.java:230) ~[spring-beans-4.3.17.RELEASE.jar:4.3.17.RELEASE]
	at org.springframework.beans.factory.support.AbstractBeanFactory.doGetBean(AbstractBeanFactory.java:308) ~[spring-beans-4.3.17.RELEASE.jar:4.3.17.RELEASE]
	at org.springframework.beans.factory.support.AbstractBeanFactory.getBean(AbstractBeanFactory.java:197) ~[spring-beans-4.3.17.RELEASE.jar:4.3.17.RELEASE]
	at org.springframework.beans.factory.support.DefaultListableBeanFactory.preInstantiateSingletons(DefaultListableBeanFactory.java:761) ~[spring-beans-4.3.17.RELEASE.jar:4.3.17.RELEASE]
	at org.springframework.context.support.AbstractApplicationContext.finishBeanFactoryInitialization(AbstractApplicationContext.java:867) ~[spring-context-4.3.17.RELEASE.jar:4.3.17.RELEASE]
	at org.springframework.context.support.AbstractApplicationContext.refresh(AbstractApplicationContext.java:543) ~[spring-context-4.3.17.RELEASE.jar:4.3.17.RELEASE]
	at org.springframework.web.context.ContextLoader.configureAndRefreshWebApplicationContext(ContextLoader.java:443) ~[spring-web-4.3.17.RELEASE.jar:4.3.17.RELEASE]
	at org.springframework.web.context.ContextLoader.initWebApplicationContext(ContextLoader.java:325) ~[spring-web-4.3.17.RELEASE.jar:4.3.17.RELEASE]
	at org.springframework.web.context.ContextLoaderListener.contextInitialized(ContextLoaderListener.java:107) [spring-web-4.3.17.RELEASE.jar:4.3.17.RELEASE]
	at org.eclipse.jetty.server.handler.ContextHandler.callContextInitialized(ContextHandler.java:843) [jetty-server-9.3.11.v20160721.jar:9.3.11.v20160721]
	at org.eclipse.jetty.servlet.ServletContextHandler.callContextInitialized(ServletContextHandler.java:533) [jetty-servlet-9.3.11.v20160721.jar:9.3.11.v20160721]
	at org.eclipse.jetty.server.handler.ContextHandler.startContext(ContextHandler.java:816) [jetty-server-9.3.11.v20160721.jar:9.3.11.v20160721]
	at org.eclipse.jetty.servlet.ServletContextHandler.startContext(ServletContextHandler.java:345) [jetty-servlet-9.3.11.v20160721.jar:9.3.11.v20160721]
	at org.eclipse.jetty.webapp.WebAppContext.startWebapp(WebAppContext.java:1404) [jetty-webapp-9.3.11.v20160721.jar:9.3.11.v20160721]
	at org.eclipse.jetty.maven.plugin.JettyWebAppContext.startWebapp(JettyWebAppContext.java:323) [jetty-maven-plugin-9.3.11.v20160721.jar:9.3.11.v20160721]
	at org.eclipse.jetty.webapp.WebAppContext.startContext(WebAppContext.java:1366) [jetty-webapp-9.3.11.v20160721.jar:9.3.11.v20160721]
	at org.eclipse.jetty.server.handler.ContextHandler.doStart(ContextHandler.java:778) [jetty-server-9.3.11.v20160721.jar:9.3.11.v20160721]
	at org.eclipse.jetty.servlet.ServletContextHandler.doStart(ServletContextHandler.java:262) [jetty-servlet-9.3.11.v20160721.jar:9.3.11.v20160721]
	at org.eclipse.jetty.webapp.WebAppContext.doStart(WebAppContext.java:520) [jetty-webapp-9.3.11.v20160721.jar:9.3.11.v20160721]
	at org.eclipse.jetty.maven.plugin.JettyWebAppContext.doStart(JettyWebAppContext.java:398) [jetty-maven-plugin-9.3.11.v20160721.jar:9.3.11.v20160721]
	at org.eclipse.jetty.util.component.AbstractLifeCycle.start(AbstractLifeCycle.java:68) [jetty-util-9.3.11.v20160721.jar:9.3.11.v20160721]
	at org.eclipse.jetty.util.component.ContainerLifeCycle.start(ContainerLifeCycle.java:132) [jetty-util-9.3.11.v20160721.jar:9.3.11.v20160721]
	at org.eclipse.jetty.util.component.ContainerLifeCycle.doStart(ContainerLifeCycle.java:114) [jetty-util-9.3.11.v20160721.jar:9.3.11.v20160721]
	at org.eclipse.jetty.server.handler.AbstractHandler.doStart(AbstractHandler.java:61) [jetty-server-9.3.11.v20160721.jar:9.3.11.v20160721]
	at org.eclipse.jetty.server.handler.ContextHandlerCollection.doStart(ContextHandlerCollection.java:161) [jetty-server-9.3.11.v20160721.jar:9.3.11.v20160721]
	at org.eclipse.jetty.util.component.AbstractLifeCycle.start(AbstractLifeCycle.java:68) [jetty-util-9.3.11.v20160721.jar:9.3.11.v20160721]
	at org.eclipse.jetty.util.component.ContainerLifeCycle.start(ContainerLifeCycle.java:132) [jetty-util-9.3.11.v20160721.jar:9.3.11.v20160721]
	at org.eclipse.jetty.util.component.ContainerLifeCycle.doStart(ContainerLifeCycle.java:114) [jetty-util-9.3.11.v20160721.jar:9.3.11.v20160721]
	at org.eclipse.jetty.server.handler.AbstractHandler.doStart(AbstractHandler.java:61) [jetty-server-9.3.11.v20160721.jar:9.3.11.v20160721]
	at org.eclipse.jetty.util.component.AbstractLifeCycle.start(AbstractLifeCycle.java:68) [jetty-util-9.3.11.v20160721.jar:9.3.11.v20160721]
	at org.eclipse.jetty.util.component.ContainerLifeCycle.start(ContainerLifeCycle.java:132) [jetty-util-9.3.11.v20160721.jar:9.3.11.v20160721]
	at org.eclipse.jetty.server.Server.start(Server.java:411) [jetty-server-9.3.11.v20160721.jar:9.3.11.v20160721]
	at org.eclipse.jetty.util.component.ContainerLifeCycle.doStart(ContainerLifeCycle.java:106) [jetty-util-9.3.11.v20160721.jar:9.3.11.v20160721]
	at org.eclipse.jetty.server.handler.AbstractHandler.doStart(AbstractHandler.java:61) [jetty-server-9.3.11.v20160721.jar:9.3.11.v20160721]
	at org.eclipse.jetty.server.Server.doStart(Server.java:378) [jetty-server-9.3.11.v20160721.jar:9.3.11.v20160721]
	at org.eclipse.jetty.util.component.AbstractLifeCycle.start(AbstractLifeCycle.java:68) [jetty-util-9.3.11.v20160721.jar:9.3.11.v20160721]
	at org.eclipse.jetty.maven.plugin.AbstractJettyMojo.startJetty(AbstractJettyMojo.java:460) [jetty-maven-plugin-9.3.11.v20160721.jar:9.3.11.v20160721]
	at org.eclipse.jetty.maven.plugin.AbstractJettyMojo.execute(AbstractJettyMojo.java:328) [jetty-maven-plugin-9.3.11.v20160721.jar:9.3.11.v20160721]
	at org.eclipse.jetty.maven.plugin.JettyRunMojo.execute(JettyRunMojo.java:170) [jetty-maven-plugin-9.3.11.v20160721.jar:9.3.11.v20160721]
	at org.apache.maven.plugin.DefaultBuildPluginManager.executeMojo(DefaultBuildPluginManager.java:137) [maven-core-3.5.3.jar:3.5.3]
	at org.apache.maven.lifecycle.internal.MojoExecutor.execute(MojoExecutor.java:208) [maven-core-3.5.3.jar:3.5.3]
	at org.apache.maven.lifecycle.internal.MojoExecutor.execute(MojoExecutor.java:154) [maven-core-3.5.3.jar:3.5.3]
	at org.apache.maven.lifecycle.internal.MojoExecutor.execute(MojoExecutor.java:146) [maven-core-3.5.3.jar:3.5.3]
	at org.apache.maven.lifecycle.internal.LifecycleModuleBuilder.buildProject(LifecycleModuleBuilder.java:117) [maven-core-3.5.3.jar:3.5.3]
	at org.apache.maven.lifecycle.internal.LifecycleModuleBuilder.buildProject(LifecycleModuleBuilder.java:81) [maven-core-3.5.3.jar:3.5.3]
	at org.apache.maven.lifecycle.internal.builder.singlethreaded.SingleThreadedBuilder.build(SingleThreadedBuilder.java:56) [maven-core-3.5.3.jar:3.5.3]
	at org.apache.maven.lifecycle.internal.LifecycleStarter.execute(LifecycleStarter.java:128) [maven-core-3.5.3.jar:3.5.3]
	at org.apache.maven.DefaultMaven.doExecute(DefaultMaven.java:305) [maven-core-3.5.3.jar:3.5.3]
	at org.apache.maven.DefaultMaven.doExecute(DefaultMaven.java:192) [maven-core-3.5.3.jar:3.5.3]
	at org.apache.maven.DefaultMaven.execute(DefaultMaven.java:105) [maven-core-3.5.3.jar:3.5.3]
	at org.apache.maven.cli.MavenCli.execute(MavenCli.java:956) [maven-embedder-3.5.3.jar:3.5.3]
	at org.apache.maven.cli.MavenCli.doMain(MavenCli.java:290) [maven-embedder-3.5.3.jar:3.5.3]
	at org.apache.maven.cli.MavenCli.main(MavenCli.java:194) [maven-embedder-3.5.3.jar:3.5.3]
	at sun.reflect.NativeMethodAccessorImpl.invoke0(Native Method) ~[na:1.8.0_162]
	at sun.reflect.NativeMethodAccessorImpl.invoke(NativeMethodAccessorImpl.java:62) ~[na:1.8.0_162]
	at sun.reflect.DelegatingMethodAccessorImpl.invoke(DelegatingMethodAccessorImpl.java:43) ~[na:1.8.0_162]
	at java.lang.reflect.Method.invoke(Method.java:498) ~[na:1.8.0_162]
	at org.codehaus.plexus.classworlds.launcher.Launcher.launchEnhanced(Launcher.java:289) [plexus-classworlds-2.5.2.jar:na]
	at org.codehaus.plexus.classworlds.launcher.Launcher.launch(Launcher.java:229) [plexus-classworlds-2.5.2.jar:na]
	at org.codehaus.plexus.classworlds.launcher.Launcher.mainWithExitCode(Launcher.java:415) [plexus-classworlds-2.5.2.jar:na]
	at org.codehaus.plexus.classworlds.launcher.Launcher.main(Launcher.java:356) [plexus-classworlds-2.5.2.jar:na]
Caused by: java.lang.IllegalArgumentException: ROLE_ADMIN cannot start with ROLE_ (it is automatically added)
	at org.springframework.util.Assert.isTrue(Assert.java:92) ~[spring-core-4.3.17.RELEASE.jar:4.3.17.RELEASE]
	at org.springframework.security.config.annotation.authentication.configurers.provisioning.UserDetailsManagerConfigurer$UserDetailsBuilder.roles(UserDetailsManagerConfigurer.java:163) ~[spring-security-config-3.2.3.RELEASE.jar:3.2.3.RELEASE]
	at com.exist.ecc.app.config.SecurityConfig.configureGlobal(SecurityConfig.java:19) ~[classes/:na]
	at sun.reflect.NativeMethodAccessorImpl.invoke0(Native Method) ~[na:1.8.0_162]
	at sun.reflect.NativeMethodAccessorImpl.invoke(NativeMethodAccessorImpl.java:62) ~[na:1.8.0_162]
	at sun.reflect.DelegatingMethodAccessorImpl.invoke(DelegatingMethodAccessorImpl.java:43) ~[na:1.8.0_162]
	at java.lang.reflect.Method.invoke(Method.java:498) ~[na:1.8.0_162]
	at org.springframework.beans.factory.annotation.AutowiredAnnotationBeanPostProcessor$AutowiredMethodElement.inject(AutowiredAnnotationBeanPostProcessor.java:701) ~[spring-beans-4.3.17.RELEASE.jar:4.3.17.RELEASE]
	at org.springframework.beans.factory.annotation.InjectionMetadata.inject(InjectionMetadata.java:88) ~[spring-beans-4.3.17.RELEASE.jar:4.3.17.RELEASE]
	at org.springframework.beans.factory.annotation.AutowiredAnnotationBeanPostProcessor.postProcessPropertyValues(AutowiredAnnotationBeanPostProcessor.java:366) ~[spring-beans-4.3.17.RELEASE.jar:4.3.17.RELEASE]
	... 65 common frames omitted
